[debug] [2025-10-28T16:01:20.666Z] ----------------------------------------------------------------------
[debug] [2025-10-28T16:01:20.668Z] Command:       C:\Program Files\nodejs\node.exe C:\Users\albiz\AppData\Roaming\npm\node_modules\firebase-tools\lib\bin\firebase.js emulators:start
[debug] [2025-10-28T16:01:20.669Z] CLI Version:   14.7.0
[debug] [2025-10-28T16:01:20.669Z] Platform:      win32
[debug] [2025-10-28T16:01:20.669Z] Node Version:  v22.16.0
[debug] [2025-10-28T16:01:20.669Z] Time:          Tue Oct 28 2025 16:01:20 GMT+0000 (Greenwich Mean Time)
[debug] [2025-10-28T16:01:20.669Z] ----------------------------------------------------------------------
[debug] 
[debug] [2025-10-28T16:01:20.671Z] >>> [apiv2][query] GET https://firebase-public.firebaseio.com/cli.json [none]
[debug] [2025-10-28T16:01:20.855Z] Object "" in "firebase.json" has unknown property: {"additionalProperty":"projects"}
[debug] [2025-10-28T16:01:20.860Z] > command requires scopes: ["email","openid","https://www.googleapis.com/auth/cloudplatformprojects.readonly","https://www.googleapis.com/auth/firebase","https://www.googleapis.com/auth/cloud-platform"]
[debug] [2025-10-28T16:01:20.860Z] > authorizing via signed-in user (ali.kulahci3@gmail.com)
[debug] [2025-10-28T16:01:20.971Z] openjdk version "17.0.16" 2025-07-15

[debug] [2025-10-28T16:01:20.971Z] OpenJDK Runtime Environment Temurin-17.0.16+8 (build 17.0.16+8)
OpenJDK 64-Bit Server VM Temurin-17.0.16+8 (build 17.0.16+8, mixed mode, sharing)

[debug] [2025-10-28T16:01:20.983Z] Parsed Java major version: 17
[info] i  emulators: Starting emulators: auth, functions, firestore, hosting, storage, extensions {"metadata":{"emulator":{"name":"hub"},"message":"Starting emulators: auth, functions, firestore, hosting, storage, extensions"}}
[debug] [2025-10-28T16:01:20.985Z] Checked if tokens are valid: false, expires at: 1761656918601
[debug] [2025-10-28T16:01:20.985Z] Checked if tokens are valid: false, expires at: 1761656918601
[debug] [2025-10-28T16:01:20.985Z] > refreshing access token with scopes: []
[debug] [2025-10-28T16:01:20.986Z] >>> [apiv2][query] POST https://www.googleapis.com/oauth2/v3/token [none]
[debug] [2025-10-28T16:01:20.986Z] >>> [apiv2][body] POST https://www.googleapis.com/oauth2/v3/token [omitted]
[debug] [2025-10-28T16:01:21.115Z] <<< [apiv2][status] POST https://www.googleapis.com/oauth2/v3/token 200
[debug] [2025-10-28T16:01:21.115Z] <<< [apiv2][body] POST https://www.googleapis.com/oauth2/v3/token [omitted]
[debug] [2025-10-28T16:01:21.126Z] >>> [apiv2][query] GET https://serviceusage.googleapis.com/v1/projects/inventory-ce0c2/services/cloudresourcemanager.googleapis.com [none]
[debug] [2025-10-28T16:01:21.126Z] >>> [apiv2][(partial)header] GET https://serviceusage.googleapis.com/v1/projects/inventory-ce0c2/services/cloudresourcemanager.googleapis.com x-goog-quota-user=projects/inventory-ce0c2
[debug] [2025-10-28T16:01:21.129Z] <<< [apiv2][status] GET https://firebase-public.firebaseio.com/cli.json 200
[debug] [2025-10-28T16:01:21.129Z] <<< [apiv2][body] GET https://firebase-public.firebaseio.com/cli.json {"cloudBuildErrorAfter":1594252800000,"cloudBuildWarnAfter":1590019200000,"defaultNode10After":1594252800000,"minVersion":"3.0.5","node8DeploysDisabledAfter":1613390400000,"node8RuntimeDisabledAfter":1615809600000,"node8WarnAfter":1600128000000}
[debug] [2025-10-28T16:01:21.926Z] <<< [apiv2][status] GET https://serviceusage.googleapis.com/v1/projects/inventory-ce0c2/services/cloudresourcemanager.googleapis.com 200
[debug] [2025-10-28T16:01:21.926Z] <<< [apiv2][body] GET https://serviceusage.googleapis.com/v1/projects/inventory-ce0c2/services/cloudresourcemanager.googleapis.com [omitted]
[debug] [2025-10-28T16:01:21.926Z] Checked if tokens are valid: true, expires at: 1761670880115
[debug] [2025-10-28T16:01:21.926Z] Checked if tokens are valid: true, expires at: 1761670880115
[debug] [2025-10-28T16:01:21.926Z] >>> [apiv2][query] GET https://cloudresourcemanager.googleapis.com/v1/projects/inventory-ce0c2 [none]
[debug] [2025-10-28T16:01:22.180Z] <<< [apiv2][status] GET https://cloudresourcemanager.googleapis.com/v1/projects/inventory-ce0c2 200
[debug] [2025-10-28T16:01:22.180Z] <<< [apiv2][body] GET https://cloudresourcemanager.googleapis.com/v1/projects/inventory-ce0c2 {"projectNumber":"289537497017","projectId":"inventory-ce0c2","lifecycleState":"ACTIVE","name":"Inventory","labels":{"firebase":"enabled","firebase-core":"disabled"},"createTime":"2025-10-28T13:23:59.582047Z"}
[debug] [2025-10-28T16:01:22.192Z] [logging] Logging Emulator only supports listening on one address (127.0.0.1). Not listening on ::1
[debug] [2025-10-28T16:01:22.192Z] [auth] Authentication Emulator only supports listening on one address (127.0.0.1). Not listening on ::1
[debug] [2025-10-28T16:01:22.192Z] [firestore] Firestore Emulator only supports listening on one address (127.0.0.1). Not listening on ::1
[debug] [2025-10-28T16:01:22.192Z] [firestore.websocket] websocket server for firestore only supports listening on one address (127.0.0.1). Not listening on ::1
[debug] [2025-10-28T16:01:22.192Z] [hosting] Hosting Emulator only supports listening on one address (127.0.0.1). Not listening on ::1
[debug] [2025-10-28T16:01:22.192Z] [storage] Storage Emulator only supports listening on one address (127.0.0.1). Not listening on ::1
[debug] [2025-10-28T16:01:22.192Z] assigned listening specs for emulators {"user":{"hub":[{"address":"127.0.0.1","family":"IPv4","port":4400},{"address":"::1","family":"IPv6","port":4400}],"ui":[{"address":"127.0.0.1","family":"IPv4","port":4000},{"address":"::1","family":"IPv6","port":4000}],"logging":[{"address":"127.0.0.1","family":"IPv4","port":4500}],"auth":[{"address":"127.0.0.1","family":"IPv4","port":9099}],"firestore":[{"address":"127.0.0.1","family":"IPv4","port":8080}],"firestore.websocket":[{"address":"127.0.0.1","family":"IPv4","port":9150}],"hosting":[{"address":"127.0.0.1","family":"IPv4","port":5000}],"storage":[{"address":"127.0.0.1","family":"IPv4","port":9199}]},"metadata":{"message":"assigned listening specs for emulators"}}
[debug] [2025-10-28T16:01:22.197Z] [hub] writing locator at C:\Users\albiz\AppData\Local\Temp\hub-inventory-ce0c2.json
[debug] [2025-10-28T16:01:22.203Z] [Extensions] Started Extensions emulator, this is a noop.
[debug] [2025-10-28T16:01:22.207Z] [functions] Functions Emulator only supports listening on one address (127.0.0.1). Not listening on ::1
[debug] [2025-10-28T16:01:22.207Z] [eventarc] Eventarc Emulator only supports listening on one address (127.0.0.1). Not listening on ::1
[debug] [2025-10-28T16:01:22.207Z] [tasks] Cloud Tasks Emulator only supports listening on one address (127.0.0.1). Not listening on ::1
[debug] [2025-10-28T16:01:22.207Z] late-assigned ports for functions and eventarc emulators {"user":{"hub":[{"address":"127.0.0.1","family":"IPv4","port":4400},{"address":"::1","family":"IPv6","port":4400}],"ui":[{"address":"127.0.0.1","family":"IPv4","port":4000},{"address":"::1","family":"IPv6","port":4000}],"logging":[{"address":"127.0.0.1","family":"IPv4","port":4500}],"auth":[{"address":"127.0.0.1","family":"IPv4","port":9099}],"firestore":[{"address":"127.0.0.1","family":"IPv4","port":8080}],"firestore.websocket":[{"address":"127.0.0.1","family":"IPv4","port":9150}],"hosting":[{"address":"127.0.0.1","family":"IPv4","port":5000}],"storage":[{"address":"127.0.0.1","family":"IPv4","port":9199}],"functions":[{"address":"127.0.0.1","family":"IPv4","port":5001}],"eventarc":[{"address":"127.0.0.1","family":"IPv4","port":9299}],"tasks":[{"address":"127.0.0.1","family":"IPv4","port":9499}]},"metadata":{"message":"late-assigned ports for functions and eventarc emulators"}}
[warn] !  functions: The following emulators are not running, calls to these services from the Functions emulator will affect production: apphosting, database, pubsub, dataconnect {"metadata":{"emulator":{"name":"functions"},"message":"The following emulators are not running, calls to these services from the Functions emulator will affect production: \u001b[1mapphosting, database, pubsub, dataconnect\u001b[22m"}}
[debug] [2025-10-28T16:01:22.230Z] defaultcredentials: writing to file C:\Users\albiz\AppData\Roaming\firebase\ali_kulahci3_gmail.com_application_default_credentials.json
[debug] [2025-10-28T16:01:22.233Z] Setting GAC to C:\Users\albiz\AppData\Roaming\firebase\ali_kulahci3_gmail.com_application_default_credentials.json {"metadata":{"emulator":{"name":"functions"},"message":"Setting GAC to C:\\Users\\albiz\\AppData\\Roaming\\firebase\\ali_kulahci3_gmail.com_application_default_credentials.json"}}
[debug] [2025-10-28T16:01:22.233Z] Checked if tokens are valid: true, expires at: 1761670880115
[debug] [2025-10-28T16:01:22.233Z] Checked if tokens are valid: true, expires at: 1761670880115
[debug] [2025-10-28T16:01:22.233Z] >>> [apiv2][query] GET https://firebase.googleapis.com/v1beta1/projects/inventory-ce0c2/adminSdkConfig [none]
[debug] [2025-10-28T16:01:22.525Z] <<< [apiv2][status] GET https://firebase.googleapis.com/v1beta1/projects/inventory-ce0c2/adminSdkConfig 200
[debug] [2025-10-28T16:01:22.525Z] <<< [apiv2][body] GET https://firebase.googleapis.com/v1beta1/projects/inventory-ce0c2/adminSdkConfig {"projectId":"inventory-ce0c2","storageBucket":"inventory-ce0c2.firebasestorage.app"}
[info] i  firestore: downloading cloud-firestore-emulator-v1.19.8.jar... {"metadata":{"emulator":{"name":"firestore"},"message":"downloading cloud-firestore-emulator-v1.19.8.jar..."}}
[debug] [2025-10-28T16:01:22.541Z] >>> [apiv2][query] GET https://storage.googleapis.com/firebase-preview-drop/emulator/cloud-firestore-emulator-v1.19.8.jar 
[debug] [2025-10-28T16:01:22.723Z] <<< [apiv2][status] GET https://storage.googleapis.com/firebase-preview-drop/emulator/cloud-firestore-emulator-v1.19.8.jar 200
[debug] [2025-10-28T16:01:22.724Z] <<< [apiv2][body] GET https://storage.googleapis.com/firebase-preview-drop/emulator/cloud-firestore-emulator-v1.19.8.jar [stream]
[debug] [2025-10-28T16:01:33.704Z] Ignoring unsupported arg: auto_download {"metadata":{"emulator":{"name":"firestore"},"message":"Ignoring unsupported arg: auto_download"}}
[debug] [2025-10-28T16:01:33.705Z] Ignoring unsupported arg: single_project_mode_error {"metadata":{"emulator":{"name":"firestore"},"message":"Ignoring unsupported arg: single_project_mode_error"}}
[debug] [2025-10-28T16:01:33.705Z] Starting Firestore Emulator with command {"binary":"java","args":["-Dgoogle.cloud_firestore.debug_log_level=FINE","-Duser.language=en","-jar","C:\\Users\\albiz\\.cache\\firebase\\emulators\\cloud-firestore-emulator-v1.19.8.jar","--host","127.0.0.1","--port",8080,"--websocket_port",9150,"--project_id","inventory-ce0c2","--rules","C:\\Users\\albiz\\PycharmProjects\\Inventory\\Inventory\\firestore.rules","--single_project_mode",true,"--functions_emulator","127.0.0.1:5001"],"optionalArgs":["port","webchannel_port","host","rules","websocket_port","functions_emulator","seed_from_export","project_id","single_project_mode"],"joinArgs":false,"shell":false,"port":8080} {"metadata":{"emulator":{"name":"firestore"},"message":"Starting Firestore Emulator with command {\"binary\":\"java\",\"args\":[\"-Dgoogle.cloud_firestore.debug_log_level=FINE\",\"-Duser.language=en\",\"-jar\",\"C:\\\\Users\\\\albiz\\\\.cache\\\\firebase\\\\emulators\\\\cloud-firestore-emulator-v1.19.8.jar\",\"--host\",\"127.0.0.1\",\"--port\",8080,\"--websocket_port\",9150,\"--project_id\",\"inventory-ce0c2\",\"--rules\",\"C:\\\\Users\\\\albiz\\\\PycharmProjects\\\\Inventory\\\\Inventory\\\\firestore.rules\",\"--single_project_mode\",true,\"--functions_emulator\",\"127.0.0.1:5001\"],\"optionalArgs\":[\"port\",\"webchannel_port\",\"host\",\"rules\",\"websocket_port\",\"functions_emulator\",\"seed_from_export\",\"project_id\",\"single_project_mode\"],\"joinArgs\":false,\"shell\":false,\"port\":8080}"}}
[info] i  firestore: Firestore Emulator logging to firestore-debug.log {"metadata":{"emulator":{"name":"firestore"},"message":"Firestore Emulator logging to \u001b[1mfirestore-debug.log\u001b[22m"}}
[debug] [2025-10-28T16:01:34.790Z] Oct 28, 2025 4:01:34 PM com.google.cloud.datastore.emulator.firestore.websocket.WebSocketServer start
INFO: Started WebSocket server on ws://127.0.0.1:9150
 {"metadata":{"emulator":{"name":"firestore"},"message":"Oct 28, 2025 4:01:34 PM com.google.cloud.datastore.emulator.firestore.websocket.WebSocketServer start\r\nINFO: Started WebSocket server on ws://127.0.0.1:9150\r\n"}}
[debug] [2025-10-28T16:01:34.845Z] API endpoint: http:// {"metadata":{"emulator":{"name":"firestore"},"message":"API endpoint: http://"}}
[debug] [2025-10-28T16:01:34.845Z] 127.0.0.1:8080
If you are using a library that supports the FIRESTORE_EMULATOR_HOST environment variable, run:

   export FIRESTORE_EMULATOR_HOST=127.0.0.1:8080

If you are running a Firestore in Datastore Mode project, run:

   export DATASTORE_EMULATOR_HOST=127.0.0.1:8080

Note: Support for Datastore Mode is in preview. If you encounter any bugs please file at https://github.com/firebase/firebase-tools/issues.
Dev App Server is now running.

 {"metadata":{"emulator":{"name":"firestore"},"message":"127.0.0.1:8080\nIf you are using a library that supports the FIRESTORE_EMULATOR_HOST environment variable, run:\r\n\n   export FIRESTORE_EMULATOR_HOST=127.0.0.1:8080\n\nIf you are running a Firestore in Datastore Mode project, run:\r\n\n   export DATASTORE_EMULATOR_HOST=127.0.0.1:8080\n\nNote: Support for Datastore Mode is in preview. If you encounter any bugs please file at https://github.com/firebase/firebase-tools/issues.\r\nDev App Server is now running.\n\r\n"}}
[info] +  firestore: Firestore Emulator UI websocket is running on 9150. {"metadata":{"emulator":{"name":"firestore"},"message":"Firestore Emulator UI websocket is running on 9150."}}
[info] i  storage: downloading cloud-storage-rules-runtime-v1.1.3.jar... {"metadata":{"emulator":{"name":"storage"},"message":"downloading cloud-storage-rules-runtime-v1.1.3.jar..."}}
[debug] [2025-10-28T16:01:39.848Z] >>> [apiv2][query] GET https://storage.googleapis.com/firebase-preview-drop/emulator/cloud-storage-rules-runtime-v1.1.3.jar 
[debug] [2025-10-28T16:01:40.068Z] <<< [apiv2][status] GET https://storage.googleapis.com/firebase-preview-drop/emulator/cloud-storage-rules-runtime-v1.1.3.jar 200
[debug] [2025-10-28T16:01:40.068Z] <<< [apiv2][body] GET https://storage.googleapis.com/firebase-preview-drop/emulator/cloud-storage-rules-runtime-v1.1.3.jar [stream]
[debug] [2025-10-28T16:01:48.803Z] Ignoring unsupported arg: port {"metadata":{"emulator":{"name":"storage"},"message":"Ignoring unsupported arg: port"}}
[debug] [2025-10-28T16:01:49.472Z] Temp file directory for storage emulator: C:\Users\albiz\AppData\Local\Temp/firebase/storage/blobs {"metadata":{"emulator":{"name":"storage"},"message":"Temp file directory for storage emulator: C:\\Users\\albiz\\AppData\\Local\\Temp/firebase/storage/blobs"}}
[debug] [2025-10-28T16:01:49.477Z] Checked if tokens are valid: true, expires at: 1761670880115
[debug] [2025-10-28T16:01:49.478Z] Checked if tokens are valid: true, expires at: 1761670880115
[debug] [2025-10-28T16:01:49.478Z] >>> [apiv2][query] GET https://firebasehosting.googleapis.com/v1beta1/projects/inventory-ce0c2/sites 
[debug] [2025-10-28T16:01:51.526Z] <<< [apiv2][status] GET https://firebasehosting.googleapis.com/v1beta1/projects/inventory-ce0c2/sites 200
[debug] [2025-10-28T16:01:51.526Z] <<< [apiv2][body] GET https://firebasehosting.googleapis.com/v1beta1/projects/inventory-ce0c2/sites {"sites":[{"name":"projects/inventory-ce0c2/sites/inventory-ce0c2","defaultUrl":"https://inventory-ce0c2.web.app","type":"DEFAULT_SITE"}]}
[debug] [2025-10-28T16:01:51.526Z] Checked if tokens are valid: true, expires at: 1761670880115
[debug] [2025-10-28T16:01:51.526Z] Checked if tokens are valid: true, expires at: 1761670880115
[debug] [2025-10-28T16:01:51.526Z] >>> [apiv2][query] GET https://firebase.googleapis.com/v1beta1/projects/inventory-ce0c2/webApps/-/config [none]
[debug] [2025-10-28T16:01:52.544Z] <<< [apiv2][status] GET https://firebase.googleapis.com/v1beta1/projects/inventory-ce0c2/webApps/-/config 200
[debug] [2025-10-28T16:01:52.545Z] <<< [apiv2][body] GET https://firebase.googleapis.com/v1beta1/projects/inventory-ce0c2/webApps/-/config {"projectId":"inventory-ce0c2","appId":"1:289537497017:web:825334baafd0f555a60868","storageBucket":"inventory-ce0c2.firebasestorage.app","apiKey":"AIzaSyAwnlW9z3YNBg4nbKO4jbwHVLqRC9BEuBQ","authDomain":"inventory-ce0c2.firebaseapp.com","messagingSenderId":"289537497017","measurementId":"G-X2DBY1NHKN","projectNumber":"289537497017","version":"2"}
[debug] [2025-10-28T16:01:52.554Z] Checked if tokens are valid: true, expires at: 1761670880115
[debug] [2025-10-28T16:01:52.554Z] Checked if tokens are valid: true, expires at: 1761670880115
[debug] [2025-10-28T16:01:52.554Z] >>> [apiv2][query] GET https://firebase.googleapis.com/v1beta1/projects/inventory-ce0c2 [none]
[debug] [2025-10-28T16:01:52.892Z] <<< [apiv2][status] GET https://firebase.googleapis.com/v1beta1/projects/inventory-ce0c2 200
[debug] [2025-10-28T16:01:52.893Z] <<< [apiv2][body] GET https://firebase.googleapis.com/v1beta1/projects/inventory-ce0c2 {"projectId":"inventory-ce0c2","projectNumber":"289537497017","displayName":"Inventory","name":"projects/inventory-ce0c2","resources":{"hostingSite":"inventory-ce0c2"},"state":"ACTIVE","etag":"1_565bc9c5-c229-4b85-8094-4ba4fc23caf8"}
[info] i  hosting[inventory-ce0c2]: Serving hosting files from: apps/web/dist {"metadata":{"emulator":{"name":"hosting"},"message":"Serving hosting files from: \u001b[1mapps/web/dist\u001b[22m"}}
[info] +  hosting[inventory-ce0c2]: Local server: http://127.0.0.1:5000 {"metadata":{"emulator":{"name":"hosting"},"message":"Local server: \u001b[4m\u001b[1mhttp://127.0.0.1:5000\u001b[22m\u001b[24m"}}
[info] i  ui: downloading ui-v1.15.0.zip... {"metadata":{"emulator":{"name":"ui"},"message":"downloading ui-v1.15.0.zip..."}}
[debug] [2025-10-28T16:01:52.926Z] >>> [apiv2][query] GET https://storage.googleapis.com/firebase-preview-drop/emulator/ui-v1.15.0.zip 
[debug] [2025-10-28T16:01:53.053Z] <<< [apiv2][status] GET https://storage.googleapis.com/firebase-preview-drop/emulator/ui-v1.15.0.zip 200
[debug] [2025-10-28T16:01:53.054Z] <<< [apiv2][body] GET https://storage.googleapis.com/firebase-preview-drop/emulator/ui-v1.15.0.zip [stream]
[debug] [2025-10-28T16:01:53.469Z] Data is 3538469
[debug] [2025-10-28T16:01:53.470Z] [unzip] Entry: client/ (compressed_size=0 bytes, uncompressed_size=0 bytes)
[debug] [2025-10-28T16:01:53.471Z] [unzip] Processing entry: client\
[debug] [2025-10-28T16:01:53.471Z] [unzip] mkdir: C:\Users\albiz\.cache\firebase\emulators\ui-v1.15.0\client\
[debug] [2025-10-28T16:01:53.473Z] [unzip] Entry: client/favicon-16x16.png (compressed_size=293 bytes, uncompressed_size=293 bytes)
[debug] [2025-10-28T16:01:53.474Z] [unzip] Processing entry: client\favicon-16x16.png
[debug] [2025-10-28T16:01:53.474Z] [unzip] else mkdir: C:\Users\albiz\.cache\firebase\emulators\ui-v1.15.0\client
[debug] [2025-10-28T16:01:53.474Z] [unzip] Writing file: C:\Users\albiz\.cache\firebase\emulators\ui-v1.15.0\client\favicon-16x16.png
[debug] [2025-10-28T16:01:53.476Z] [unzip] Entry: client/safari-pinned-tab.svg (compressed_size=1433 bytes, uncompressed_size=2611 bytes)
[debug] [2025-10-28T16:01:53.476Z] [unzip] Processing entry: client\safari-pinned-tab.svg
[debug] [2025-10-28T16:01:53.476Z] [unzip] else mkdir: C:\Users\albiz\.cache\firebase\emulators\ui-v1.15.0\client
[debug] [2025-10-28T16:01:53.477Z] [unzip] deflating: C:\Users\albiz\.cache\firebase\emulators\ui-v1.15.0\client\safari-pinned-tab.svg
[debug] [2025-10-28T16:01:53.489Z] [unzip] Entry: client/favicon.ico (compressed_size=2933 bytes, uncompressed_size=13294 bytes)
[debug] [2025-10-28T16:01:53.489Z] [unzip] Processing entry: client\favicon.ico
[debug] [2025-10-28T16:01:53.489Z] [unzip] else mkdir: C:\Users\albiz\.cache\firebase\emulators\ui-v1.15.0\client
[debug] [2025-10-28T16:01:53.490Z] [unzip] deflating: C:\Users\albiz\.cache\firebase\emulators\ui-v1.15.0\client\favicon.ico
[debug] [2025-10-28T16:01:53.493Z] [unzip] Entry: client/index.html (compressed_size=1364 bytes, uncompressed_size=3071 bytes)
[debug] [2025-10-28T16:01:53.493Z] [unzip] Processing entry: client\index.html
[debug] [2025-10-28T16:01:53.493Z] [unzip] else mkdir: C:\Users\albiz\.cache\firebase\emulators\ui-v1.15.0\client
[debug] [2025-10-28T16:01:53.503Z] [unzip] deflating: C:\Users\albiz\.cache\firebase\emulators\ui-v1.15.0\client\index.html
[debug] [2025-10-28T16:01:53.508Z] [unzip] Entry: client/android-chrome-192x192.png (compressed_size=2684 bytes, uncompressed_size=2684 bytes)
[debug] [2025-10-28T16:01:53.509Z] [unzip] Processing entry: client\android-chrome-192x192.png
[debug] [2025-10-28T16:01:53.509Z] [unzip] else mkdir: C:\Users\albiz\.cache\firebase\emulators\ui-v1.15.0\client
[debug] [2025-10-28T16:01:53.510Z] [unzip] Writing file: C:\Users\albiz\.cache\firebase\emulators\ui-v1.15.0\client\android-chrome-192x192.png
[debug] [2025-10-28T16:01:53.512Z] [unzip] Entry: client/apple-touch-icon.png (compressed_size=2123 bytes, uncompressed_size=2152 bytes)
[debug] [2025-10-28T16:01:53.512Z] [unzip] Processing entry: client\apple-touch-icon.png
[debug] [2025-10-28T16:01:53.512Z] [unzip] else mkdir: C:\Users\albiz\.cache\firebase\emulators\ui-v1.15.0\client
[debug] [2025-10-28T16:01:53.513Z] [unzip] deflating: C:\Users\albiz\.cache\firebase\emulators\ui-v1.15.0\client\apple-touch-icon.png
[debug] [2025-10-28T16:01:53.515Z] [unzip] Entry: client/android-chrome-512x512.png (compressed_size=5369 bytes, uncompressed_size=5411 bytes)
[debug] [2025-10-28T16:01:53.516Z] [unzip] Processing entry: client\android-chrome-512x512.png
[debug] [2025-10-28T16:01:53.516Z] [unzip] else mkdir: C:\Users\albiz\.cache\firebase\emulators\ui-v1.15.0\client
[debug] [2025-10-28T16:01:53.516Z] [unzip] deflating: C:\Users\albiz\.cache\firebase\emulators\ui-v1.15.0\client\android-chrome-512x512.png
[debug] [2025-10-28T16:01:53.518Z] [unzip] Entry: client/manifest.json (compressed_size=245 bytes, uncompressed_size=551 bytes)
[debug] [2025-10-28T16:01:53.518Z] [unzip] Processing entry: client\manifest.json
[debug] [2025-10-28T16:01:53.518Z] [unzip] else mkdir: C:\Users\albiz\.cache\firebase\emulators\ui-v1.15.0\client
[debug] [2025-10-28T16:01:53.518Z] [unzip] deflating: C:\Users\albiz\.cache\firebase\emulators\ui-v1.15.0\client\manifest.json
[debug] [2025-10-28T16:01:53.521Z] [unzip] Entry: client/robots.txt (compressed_size=26 bytes, uncompressed_size=26 bytes)
[debug] [2025-10-28T16:01:53.521Z] [unzip] Processing entry: client\robots.txt
[debug] [2025-10-28T16:01:53.521Z] [unzip] else mkdir: C:\Users\albiz\.cache\firebase\emulators\ui-v1.15.0\client
[debug] [2025-10-28T16:01:53.522Z] [unzip] Writing file: C:\Users\albiz\.cache\firebase\emulators\ui-v1.15.0\client\robots.txt
[debug] [2025-10-28T16:01:53.523Z] [unzip] Entry: client/mstile-150x150.png (compressed_size=2034 bytes, uncompressed_size=2034 bytes)
[debug] [2025-10-28T16:01:53.523Z] [unzip] Processing entry: client\mstile-150x150.png
[debug] [2025-10-28T16:01:53.523Z] [unzip] else mkdir: C:\Users\albiz\.cache\firebase\emulators\ui-v1.15.0\client
[debug] [2025-10-28T16:01:53.523Z] [unzip] Writing file: C:\Users\albiz\.cache\firebase\emulators\ui-v1.15.0\client\mstile-150x150.png
[debug] [2025-10-28T16:01:53.524Z] [unzip] Entry: client/assets/ (compressed_size=0 bytes, uncompressed_size=0 bytes)
[debug] [2025-10-28T16:01:53.524Z] [unzip] Processing entry: client\assets\
[debug] [2025-10-28T16:01:53.524Z] [unzip] mkdir: C:\Users\albiz\.cache\firebase\emulators\ui-v1.15.0\client\assets\
[debug] [2025-10-28T16:01:53.525Z] [unzip] Entry: client/assets/index-BX-A56oj.js (compressed_size=582089 bytes, uncompressed_size=2092775 bytes)
[debug] [2025-10-28T16:01:53.526Z] [unzip] Processing entry: client\assets\index-BX-A56oj.js
[debug] [2025-10-28T16:01:53.526Z] [unzip] else mkdir: C:\Users\albiz\.cache\firebase\emulators\ui-v1.15.0\client\assets
[debug] [2025-10-28T16:01:53.526Z] [unzip] deflating: C:\Users\albiz\.cache\firebase\emulators\ui-v1.15.0\client\assets\index-BX-A56oj.js
[debug] [2025-10-28T16:01:53.544Z] [unzip] Entry: client/assets/index-CjB9C900.css (compressed_size=35979 bytes, uncompressed_size=298654 bytes)
[debug] [2025-10-28T16:01:53.544Z] [unzip] Processing entry: client\assets\index-CjB9C900.css
[debug] [2025-10-28T16:01:53.544Z] [unzip] else mkdir: C:\Users\albiz\.cache\firebase\emulators\ui-v1.15.0\client\assets
[debug] [2025-10-28T16:01:53.545Z] [unzip] deflating: C:\Users\albiz\.cache\firebase\emulators\ui-v1.15.0\client\assets\index-CjB9C900.css
[debug] [2025-10-28T16:01:53.548Z] [unzip] Entry: client/assets/index-BX-A56oj.js.map (compressed_size=2362482 bytes, uncompressed_size=10036679 bytes)
[debug] [2025-10-28T16:01:53.549Z] [unzip] Processing entry: client\assets\index-BX-A56oj.js.map
[debug] [2025-10-28T16:01:53.549Z] [unzip] else mkdir: C:\Users\albiz\.cache\firebase\emulators\ui-v1.15.0\client\assets
[debug] [2025-10-28T16:01:53.549Z] [unzip] deflating: C:\Users\albiz\.cache\firebase\emulators\ui-v1.15.0\client\assets\index-BX-A56oj.js.map
[debug] [2025-10-28T16:01:53.634Z] [unzip] Entry: client/assets/extensions/ (compressed_size=0 bytes, uncompressed_size=0 bytes)
[debug] [2025-10-28T16:01:53.634Z] [unzip] Processing entry: client\assets\extensions\
[debug] [2025-10-28T16:01:53.634Z] [unzip] mkdir: C:\Users\albiz\.cache\firebase\emulators\ui-v1.15.0\client\assets\extensions\
[debug] [2025-10-28T16:01:53.635Z] [unzip] Entry: client/assets/extensions/default-extension.png (compressed_size=1646 bytes, uncompressed_size=1657 bytes)
[debug] [2025-10-28T16:01:53.635Z] [unzip] Processing entry: client\assets\extensions\default-extension.png
[debug] [2025-10-28T16:01:53.635Z] [unzip] else mkdir: C:\Users\albiz\.cache\firebase\emulators\ui-v1.15.0\client\assets\extensions
[debug] [2025-10-28T16:01:53.635Z] [unzip] deflating: C:\Users\albiz\.cache\firebase\emulators\ui-v1.15.0\client\assets\extensions\default-extension.png
[debug] [2025-10-28T16:01:53.637Z] [unzip] Entry: client/assets/img/ (compressed_size=0 bytes, uncompressed_size=0 bytes)
[debug] [2025-10-28T16:01:53.637Z] [unzip] Processing entry: client\assets\img\
[debug] [2025-10-28T16:01:53.637Z] [unzip] mkdir: C:\Users\albiz\.cache\firebase\emulators\ui-v1.15.0\client\assets\img\
[debug] [2025-10-28T16:01:53.638Z] [unzip] Entry: client/assets/img/database.png (compressed_size=29449 bytes, uncompressed_size=29988 bytes)
[debug] [2025-10-28T16:01:53.638Z] [unzip] Processing entry: client\assets\img\database.png
[debug] [2025-10-28T16:01:53.638Z] [unzip] else mkdir: C:\Users\albiz\.cache\firebase\emulators\ui-v1.15.0\client\assets\img
[debug] [2025-10-28T16:01:53.639Z] [unzip] deflating: C:\Users\albiz\.cache\firebase\emulators\ui-v1.15.0\client\assets\img\database.png
[debug] [2025-10-28T16:01:53.642Z] [unzip] Entry: client/assets/provider-icons/ (compressed_size=0 bytes, uncompressed_size=0 bytes)
[debug] [2025-10-28T16:01:53.642Z] [unzip] Processing entry: client\assets\provider-icons\
[debug] [2025-10-28T16:01:53.642Z] [unzip] mkdir: C:\Users\albiz\.cache\firebase\emulators\ui-v1.15.0\client\assets\provider-icons\
[debug] [2025-10-28T16:01:53.642Z] [unzip] Entry: client/assets/provider-icons/auth_service_saml.svg (compressed_size=575 bytes, uncompressed_size=1226 bytes)
[debug] [2025-10-28T16:01:53.642Z] [unzip] Processing entry: client\assets\provider-icons\auth_service_saml.svg
[debug] [2025-10-28T16:01:53.642Z] [unzip] else mkdir: C:\Users\albiz\.cache\firebase\emulators\ui-v1.15.0\client\assets\provider-icons
[debug] [2025-10-28T16:01:53.643Z] [unzip] deflating: C:\Users\albiz\.cache\firebase\emulators\ui-v1.15.0\client\assets\provider-icons\auth_service_saml.svg
[debug] [2025-10-28T16:01:53.644Z] [unzip] Entry: client/assets/provider-icons/auth_service_phone.svg (compressed_size=261 bytes, uncompressed_size=414 bytes)
[debug] [2025-10-28T16:01:53.644Z] [unzip] Processing entry: client\assets\provider-icons\auth_service_phone.svg
[debug] [2025-10-28T16:01:53.644Z] [unzip] else mkdir: C:\Users\albiz\.cache\firebase\emulators\ui-v1.15.0\client\assets\provider-icons
[debug] [2025-10-28T16:01:53.645Z] [unzip] deflating: C:\Users\albiz\.cache\firebase\emulators\ui-v1.15.0\client\assets\provider-icons\auth_service_phone.svg
[debug] [2025-10-28T16:01:53.648Z] [unzip] Entry: client/assets/provider-icons/auth_service_facebook.svg (compressed_size=289 bytes, uncompressed_size=457 bytes)
[debug] [2025-10-28T16:01:53.648Z] [unzip] Processing entry: client\assets\provider-icons\auth_service_facebook.svg
[debug] [2025-10-28T16:01:53.648Z] [unzip] else mkdir: C:\Users\albiz\.cache\firebase\emulators\ui-v1.15.0\client\assets\provider-icons
[debug] [2025-10-28T16:01:53.649Z] [unzip] deflating: C:\Users\albiz\.cache\firebase\emulators\ui-v1.15.0\client\assets\provider-icons\auth_service_facebook.svg
[debug] [2025-10-28T16:01:53.650Z] [unzip] Entry: client/assets/provider-icons/auth_service_game_center.svg (compressed_size=991 bytes, uncompressed_size=3921 bytes)
[debug] [2025-10-28T16:01:53.650Z] [unzip] Processing entry: client\assets\provider-icons\auth_service_game_center.svg
[debug] [2025-10-28T16:01:53.650Z] [unzip] else mkdir: C:\Users\albiz\.cache\firebase\emulators\ui-v1.15.0\client\assets\provider-icons
[debug] [2025-10-28T16:01:53.650Z] [unzip] deflating: C:\Users\albiz\.cache\firebase\emulators\ui-v1.15.0\client\assets\provider-icons\auth_service_game_center.svg
[debug] [2025-10-28T16:01:53.652Z] [unzip] Entry: client/assets/provider-icons/auth_service_apple.svg (compressed_size=230 bytes, uncompressed_size=334 bytes)
[debug] [2025-10-28T16:01:53.652Z] [unzip] Processing entry: client\assets\provider-icons\auth_service_apple.svg
[debug] [2025-10-28T16:01:53.652Z] [unzip] else mkdir: C:\Users\albiz\.cache\firebase\emulators\ui-v1.15.0\client\assets\provider-icons
[debug] [2025-10-28T16:01:53.653Z] [unzip] deflating: C:\Users\albiz\.cache\firebase\emulators\ui-v1.15.0\client\assets\provider-icons\auth_service_apple.svg
[debug] [2025-10-28T16:01:53.655Z] [unzip] Entry: client/assets/provider-icons/auth_service_github.svg (compressed_size=466 bytes, uncompressed_size=838 bytes)
[debug] [2025-10-28T16:01:53.655Z] [unzip] Processing entry: client\assets\provider-icons\auth_service_github.svg
[debug] [2025-10-28T16:01:53.655Z] [unzip] else mkdir: C:\Users\albiz\.cache\firebase\emulators\ui-v1.15.0\client\assets\provider-icons
[debug] [2025-10-28T16:01:53.656Z] [unzip] deflating: C:\Users\albiz\.cache\firebase\emulators\ui-v1.15.0\client\assets\provider-icons\auth_service_github.svg
[debug] [2025-10-28T16:01:53.657Z] [unzip] Entry: client/assets/provider-icons/auth_service_mslive.svg (compressed_size=203 bytes, uncompressed_size=378 bytes)
[debug] [2025-10-28T16:01:53.657Z] [unzip] Processing entry: client\assets\provider-icons\auth_service_mslive.svg
[debug] [2025-10-28T16:01:53.658Z] [unzip] else mkdir: C:\Users\albiz\.cache\firebase\emulators\ui-v1.15.0\client\assets\provider-icons
[debug] [2025-10-28T16:01:53.658Z] [unzip] deflating: C:\Users\albiz\.cache\firebase\emulators\ui-v1.15.0\client\assets\provider-icons\auth_service_mslive.svg
[debug] [2025-10-28T16:01:53.661Z] [unzip] Entry: client/assets/provider-icons/auth_service_yahoo.svg (compressed_size=577 bytes, uncompressed_size=1182 bytes)
[debug] [2025-10-28T16:01:53.662Z] [unzip] Processing entry: client\assets\provider-icons\auth_service_yahoo.svg
[debug] [2025-10-28T16:01:53.662Z] [unzip] else mkdir: C:\Users\albiz\.cache\firebase\emulators\ui-v1.15.0\client\assets\provider-icons
[debug] [2025-10-28T16:01:53.662Z] [unzip] deflating: C:\Users\albiz\.cache\firebase\emulators\ui-v1.15.0\client\assets\provider-icons\auth_service_yahoo.svg
[debug] [2025-10-28T16:01:53.663Z] [unzip] Entry: client/assets/provider-icons/auth_service_twitter.svg (compressed_size=444 bytes, uncompressed_size=751 bytes)
[debug] [2025-10-28T16:01:53.663Z] [unzip] Processing entry: client\assets\provider-icons\auth_service_twitter.svg
[debug] [2025-10-28T16:01:53.663Z] [unzip] else mkdir: C:\Users\albiz\.cache\firebase\emulators\ui-v1.15.0\client\assets\provider-icons
[debug] [2025-10-28T16:01:53.664Z] [unzip] deflating: C:\Users\albiz\.cache\firebase\emulators\ui-v1.15.0\client\assets\provider-icons\auth_service_twitter.svg
[debug] [2025-10-28T16:01:53.666Z] [unzip] Entry: client/assets/provider-icons/auth_service_play_games.svg (compressed_size=565 bytes, uncompressed_size=1173 bytes)
[debug] [2025-10-28T16:01:53.666Z] [unzip] Processing entry: client\assets\provider-icons\auth_service_play_games.svg
[debug] [2025-10-28T16:01:53.666Z] [unzip] else mkdir: C:\Users\albiz\.cache\firebase\emulators\ui-v1.15.0\client\assets\provider-icons
[debug] [2025-10-28T16:01:53.666Z] [unzip] deflating: C:\Users\albiz\.cache\firebase\emulators\ui-v1.15.0\client\assets\provider-icons\auth_service_play_games.svg
[debug] [2025-10-28T16:01:53.669Z] [unzip] Entry: client/assets/provider-icons/auth_service_email.svg (compressed_size=228 bytes, uncompressed_size=326 bytes)
[debug] [2025-10-28T16:01:53.669Z] [unzip] Processing entry: client\assets\provider-icons\auth_service_email.svg
[debug] [2025-10-28T16:01:53.669Z] [unzip] else mkdir: C:\Users\albiz\.cache\firebase\emulators\ui-v1.15.0\client\assets\provider-icons
[debug] [2025-10-28T16:01:53.669Z] [unzip] deflating: C:\Users\albiz\.cache\firebase\emulators\ui-v1.15.0\client\assets\provider-icons\auth_service_email.svg
[debug] [2025-10-28T16:01:53.671Z] [unzip] Entry: client/assets/provider-icons/auth_service_google.svg (compressed_size=409 bytes, uncompressed_size=720 bytes)
[debug] [2025-10-28T16:01:53.671Z] [unzip] Processing entry: client\assets\provider-icons\auth_service_google.svg
[debug] [2025-10-28T16:01:53.671Z] [unzip] else mkdir: C:\Users\albiz\.cache\firebase\emulators\ui-v1.15.0\client\assets\provider-icons
[debug] [2025-10-28T16:01:53.672Z] [unzip] deflating: C:\Users\albiz\.cache\firebase\emulators\ui-v1.15.0\client\assets\provider-icons\auth_service_google.svg
[debug] [2025-10-28T16:01:53.675Z] [unzip] Entry: client/assets/provider-icons/auth_service_oidc.svg (compressed_size=414 bytes, uncompressed_size=858 bytes)
[debug] [2025-10-28T16:01:53.675Z] [unzip] Processing entry: client\assets\provider-icons\auth_service_oidc.svg
[debug] [2025-10-28T16:01:53.675Z] [unzip] else mkdir: C:\Users\albiz\.cache\firebase\emulators\ui-v1.15.0\client\assets\provider-icons
[debug] [2025-10-28T16:01:53.675Z] [unzip] deflating: C:\Users\albiz\.cache\firebase\emulators\ui-v1.15.0\client\assets\provider-icons\auth_service_oidc.svg
[debug] [2025-10-28T16:01:53.676Z] [unzip] Entry: client/browserconfig.xml (compressed_size=491 bytes, uncompressed_size=822 bytes)
[debug] [2025-10-28T16:01:53.676Z] [unzip] Processing entry: client\browserconfig.xml
[debug] [2025-10-28T16:01:53.676Z] [unzip] else mkdir: C:\Users\albiz\.cache\firebase\emulators\ui-v1.15.0\client
[debug] [2025-10-28T16:01:53.677Z] [unzip] deflating: C:\Users\albiz\.cache\firebase\emulators\ui-v1.15.0\client\browserconfig.xml
[debug] [2025-10-28T16:01:53.678Z] [unzip] Entry: client/favicon-32x32.png (compressed_size=475 bytes, uncompressed_size=475 bytes)
[debug] [2025-10-28T16:01:53.678Z] [unzip] Processing entry: client\favicon-32x32.png
[debug] [2025-10-28T16:01:53.678Z] [unzip] else mkdir: C:\Users\albiz\.cache\firebase\emulators\ui-v1.15.0\client
[debug] [2025-10-28T16:01:53.679Z] [unzip] Writing file: C:\Users\albiz\.cache\firebase\emulators\ui-v1.15.0\client\favicon-32x32.png
[debug] [2025-10-28T16:01:53.681Z] [unzip] Entry: server/ (compressed_size=0 bytes, uncompressed_size=0 bytes)
[debug] [2025-10-28T16:01:53.681Z] [unzip] Processing entry: server\
[debug] [2025-10-28T16:01:53.681Z] [unzip] mkdir: C:\Users\albiz\.cache\firebase\emulators\ui-v1.15.0\server\
[debug] [2025-10-28T16:01:53.681Z] [unzip] Entry: server/server.mjs.map (compressed_size=217845 bytes, uncompressed_size=944978 bytes)
[debug] [2025-10-28T16:01:53.681Z] [unzip] Processing entry: server\server.mjs.map
[debug] [2025-10-28T16:01:53.681Z] [unzip] else mkdir: C:\Users\albiz\.cache\firebase\emulators\ui-v1.15.0\server
[debug] [2025-10-28T16:01:53.682Z] [unzip] deflating: C:\Users\albiz\.cache\firebase\emulators\ui-v1.15.0\server\server.mjs.map
[debug] [2025-10-28T16:01:53.695Z] [unzip] Entry: server/server.mjs (compressed_size=276407 bytes, uncompressed_size=933701 bytes)
[debug] [2025-10-28T16:01:53.695Z] [unzip] Processing entry: server\server.mjs
[debug] [2025-10-28T16:01:53.695Z] [unzip] else mkdir: C:\Users\albiz\.cache\firebase\emulators\ui-v1.15.0\server
[debug] [2025-10-28T16:01:53.696Z] [unzip] deflating: C:\Users\albiz\.cache\firebase\emulators\ui-v1.15.0\server\server.mjs
[debug] [2025-10-28T16:01:53.707Z] [Extensions] Connecting Extensions emulator, this is a noop.
[info] i  functions: Watching "C:\Users\albiz\PycharmProjects\Inventory\Inventory\functions" for Cloud Functions... {"metadata":{"emulator":{"name":"functions"},"message":"Watching \"C:\\Users\\albiz\\PycharmProjects\\Inventory\\Inventory\\functions\" for Cloud Functions..."}}
[error] !!  functions: Failed to load function definition from source: FirebaseError: Detected node engine ^20 in package.json, which is not a supported version. Valid versions are 18, 20, 22 {"metadata":{"emulator":{"name":"functions"},"message":"Failed to load function definition from source: FirebaseError: Detected node engine ^20 in package.json, which is not a supported version. Valid versions are 18, 20, 22"}}
[debug] [2025-10-28T16:01:53.717Z] Could not find VSCode notification endpoint: FetchError: request to http://localhost:40001/vscode/notify failed, reason: . If you are not running the Firebase Data Connect VSCode extension, this is expected and not an issue.
[info] 
┌─────────────────────────────────────────────────────────────┐
│ ✔  All emulators ready! It is now safe to connect your app. │
│ i  View Emulator UI at http://127.0.0.1:4000/               │
└─────────────────────────────────────────────────────────────┘

┌────────────────┬────────────────┬──────────────────────────────────┐
│ Emulator       │ Host:Port      │ View in Emulator UI              │
├────────────────┼────────────────┼──────────────────────────────────┤
│ Authentication │ 127.0.0.1:9099 │ http://127.0.0.1:4000/auth       │
├────────────────┼────────────────┼──────────────────────────────────┤
│ Functions      │ 127.0.0.1:5001 │ http://127.0.0.1:4000/functions  │
├────────────────┼────────────────┼──────────────────────────────────┤
│ Firestore      │ 127.0.0.1:8080 │ http://127.0.0.1:4000/firestore  │
├────────────────┼────────────────┼──────────────────────────────────┤
│ Hosting        │ 127.0.0.1:5000 │ n/a                              │
├────────────────┼────────────────┼──────────────────────────────────┤
│ Storage        │ 127.0.0.1:9199 │ http://127.0.0.1:4000/storage    │
├────────────────┼────────────────┼──────────────────────────────────┤
│ Extensions     │ 127.0.0.1:5001 │ http://127.0.0.1:4000/extensions │
└────────────────┴────────────────┴──────────────────────────────────┘
  Emulator Hub host: 127.0.0.1 port: 4400
  Other reserved ports: 4500, 9150
┌─────────────────────────┬───────────────┬─────────────────────┐
│ Extension Instance Name │ Extension Ref │ View in Emulator UI │
└─────────────────────────┴───────────────┴─────────────────────┘
Issues? Report them at https://github.com/firebase/firebase-tools/issues and attach the *-debug.log files.
 
